Compiled jquery.js  (2ms)  (pid 8287)
Compiled jquery_ujs.js  (0ms)  (pid 8287)
Compiled twitter/bootstrap/bootstrap-transition.js  (0ms)  (pid 8287)
Compiled twitter/bootstrap/bootstrap-alert.js  (0ms)  (pid 8287)
Compiled twitter/bootstrap/bootstrap-modal.js  (0ms)  (pid 8287)
Compiled twitter/bootstrap/bootstrap-dropdown.js  (0ms)  (pid 8287)
Compiled twitter/bootstrap/bootstrap-scrollspy.js  (0ms)  (pid 8287)
Compiled twitter/bootstrap/bootstrap-tab.js  (0ms)  (pid 8287)
Compiled twitter/bootstrap/bootstrap-tooltip.js  (0ms)  (pid 8287)
Compiled twitter/bootstrap/bootstrap-popover.js  (0ms)  (pid 8287)
Compiled twitter/bootstrap/bootstrap-button.js  (0ms)  (pid 8287)
Compiled twitter/bootstrap/bootstrap-collapse.js  (0ms)  (pid 8287)
Compiled twitter/bootstrap/bootstrap-carousel.js  (0ms)  (pid 8287)
Compiled twitter/bootstrap/bootstrap-typeahead.js  (0ms)  (pid 8287)
Compiled twitter/bootstrap/bootstrap-affix.js  (0ms)  (pid 8287)
Compiled twitter/bootstrap.js  (176ms)  (pid 8287)
Compiled admin.js  (127ms)  (pid 8287)
Compiled bootstrap.js  (139ms)  (pid 8287)
Compiled category.js  (88ms)  (pid 8287)
Compiled highlight.pack.js  (1ms)  (pid 8287)
Compiled jquery.markdown-editor.js  (0ms)  (pid 8287)
Compiled jquery.pageless.js  (0ms)  (pid 8287)
Compiled jquery.snippet.js  (1ms)  (pid 8287)
Compiled jquery.toggle.buttons.js  (0ms)  (pid 8287)
Compiled posts.js  (89ms)  (pid 8287)
Compiled sessions.js  (86ms)  (pid 8287)
Compiled users.js  (120ms)  (pid 8287)
Compiled application.js  (988ms)  (pid 8287)
Compiled css3buttons/reset.css  (0ms)  (pid 8287)
Compiled css3buttons/styles.css  (0ms)  (pid 8287)
Compiled css3buttons/index.css  (15ms)  (pid 8287)
Compiled admin.css  (22ms)  (pid 8287)
Compiled bootstrap-toggle-buttons.css  (0ms)  (pid 8287)
Compiled jquery.js  (2ms)  (pid 8315)
Compiled jquery_ujs.js  (0ms)  (pid 8315)
Compiled twitter/bootstrap/bootstrap-transition.js  (0ms)  (pid 8315)
Compiled twitter/bootstrap/bootstrap-alert.js  (0ms)  (pid 8315)
Compiled twitter/bootstrap/bootstrap-modal.js  (0ms)  (pid 8315)
Compiled twitter/bootstrap/bootstrap-dropdown.js  (0ms)  (pid 8315)
Compiled twitter/bootstrap/bootstrap-scrollspy.js  (0ms)  (pid 8315)
Compiled twitter/bootstrap/bootstrap-tab.js  (0ms)  (pid 8315)
Compiled twitter/bootstrap/bootstrap-tooltip.js  (0ms)  (pid 8315)
Compiled twitter/bootstrap/bootstrap-popover.js  (0ms)  (pid 8315)
Compiled twitter/bootstrap/bootstrap-button.js  (0ms)  (pid 8315)
Compiled twitter/bootstrap/bootstrap-collapse.js  (0ms)  (pid 8315)
Compiled twitter/bootstrap/bootstrap-carousel.js  (2ms)  (pid 8315)
Compiled twitter/bootstrap/bootstrap-typeahead.js  (0ms)  (pid 8315)
Compiled twitter/bootstrap/bootstrap-affix.js  (0ms)  (pid 8315)
Compiled twitter/bootstrap.js  (169ms)  (pid 8315)
Compiled admin.js  (100ms)  (pid 8315)
Compiled bootstrap.js  (136ms)  (pid 8315)
Compiled category.js  (87ms)  (pid 8315)
Compiled highlight.pack.js  (1ms)  (pid 8315)
Compiled jquery.markdown-editor.js  (0ms)  (pid 8315)
Compiled jquery.pageless.js  (0ms)  (pid 8315)
Compiled jquery.snippet.js  (1ms)  (pid 8315)
Compiled jquery.toggle.buttons.js  (0ms)  (pid 8315)
Compiled posts.js  (86ms)  (pid 8315)
Compiled sessions.js  (146ms)  (pid 8315)
Compiled users.js  (129ms)  (pid 8315)
Compiled application.js  (1024ms)  (pid 8315)
Compiled css3buttons/reset.css  (0ms)  (pid 8315)
Compiled css3buttons/styles.css  (0ms)  (pid 8315)
Compiled css3buttons/index.css  (14ms)  (pid 8315)
Compiled admin.css  (16ms)  (pid 8315)
Compiled bootstrap-toggle-buttons.css  (0ms)  (pid 8315)
